<?xml version="1.0" encoding="UTF-8"?>
<!-- Generated by org.testng.reporters.JUnitReportReporter -->
<testsuite hostname="LAPTOP-F0F7LJDR" failures="0" tests="2" name="testscript.LoginPageTest" time="13.124" errors="0" timestamp="2024-09-18T00:16:18 IST" skipped="1">
  <testcase classname="testscript.LoginPageTest" name="verify_Login_With_Valid_Credentials" time="13.124"/>
  <system-out/>
  <testcase classname="testscript.LoginPageTest" name="verify_errorMessage_whileLogin_withInvalid_credentials">
    <skipped/>
  </testcase> <!-- verify_errorMessage_whileLogin_withInvalid_credentials -->
  <system-out/>
</testsuite> <!-- testscript.LoginPageTest -->
