<?xml version="1.0" encoding="UTF-8"?>
<!-- Generated by org.testng.reporters.JUnitReportReporter -->
<testsuite hostname="LAPTOP-F0F7LJDR" failures="0" tests="1" name="testscript.EditUserActionsPageTest" time="10.224" errors="0" timestamp="2024-09-09T23:21:59 IST" skipped="0">
  <testcase classname="testscript.EditUserActionsPageTest" name="verify_ViewUser_Page" time="10.224"/>
  <system-out/>
</testsuite> <!-- testscript.EditUserActionsPageTest -->
