<?xml version="1.0" encoding="UTF-8"?>
<!-- Generated by org.testng.reporters.JUnitReportReporter -->
<testsuite hostname="LAPTOP-F0F7LJDR" failures="0" tests="1" name="testscript.ResetPageTest" time="13.603" errors="0" timestamp="2024-08-30T13:46:13 IST" skipped="0">
  <testcase classname="testscript.ResetPageTest" name="verify_errorMsg_withInvalid_emailAddress" time="13.603"/>
  <system-out/>
</testsuite> <!-- testscript.ResetPageTest -->
