<?xml version="1.0" encoding="UTF-8"?>
<!-- Generated by org.testng.reporters.JUnitReportReporter -->
<testsuite hostname="LAPTOP-F0F7LJDR" failures="0" tests="1" name="testscript.StockTransferPageTest" time="25.572" errors="0" timestamp="2024-09-18T12:28:51 IST" skipped="0">
  <testcase classname="testscript.StockTransferPageTest" name="verify_list_StockTransfer" time="25.572"/>
  <system-out/>
</testsuite> <!-- testscript.StockTransferPageTest -->
