<?xml version="1.0" encoding="UTF-8"?>
<!-- Generated by org.testng.reporters.JUnitReportReporter -->
<testsuite hostname="LAPTOP-F0F7LJDR" failures="0" tests="1" name="testscript.AdminUpdatePageTest" time="19.420" errors="0" timestamp="2024-09-17T22:35:26 IST" skipped="0">
  <testcase classname="testscript.AdminUpdatePageTest" name="verify_adminUpdate_Page" time="19.420"/>
  <system-out/>
</testsuite> <!-- testscript.AdminUpdatePageTest -->
