<?xml version="1.0" encoding="UTF-8"?>
<!-- Generated by org.testng.reporters.JUnitReportReporter -->
<testsuite hostname="LAPTOP-F0F7LJDR" failures="0" tests="3" name="testscript.LoginPageTest" time="102.460" errors="0" timestamp="2024-09-09T13:28:42 IST" skipped="0">
  <testcase classname="testscript.LoginPageTest" name="verify_errorMessage_whileLogin_withInvalid_credentials" time="25.904"/>
  <system-out/>
  <testcase classname="testscript.LoginPageTest" name="verify_errorMessage_whileLogin_withInvalid_credentials" time="38.859"/>
  <system-out/>
  <testcase classname="testscript.LoginPageTest" name="verify_errorMessage_whileLogin_withInvalid_credentials" time="37.697"/>
  <system-out/>
</testsuite> <!-- testscript.LoginPageTest -->
