<?xml version="1.0" encoding="UTF-8"?>
<!-- Generated by org.testng.reporters.JUnitReportReporter -->
<testsuite hostname="LAPTOP-F0F7LJDR" failures="0" tests="1" name="testscript.AddUserPageTest" time="42.887" errors="0" timestamp="2024-09-09T15:36:46 IST" skipped="0">
  <testcase classname="testscript.AddUserPageTest" name="verify_userLogin_withNewly_Added_user" time="42.887"/>
  <system-out/>
</testsuite> <!-- testscript.AddUserPageTest -->
