<?xml version="1.0" encoding="UTF-8"?>
<!-- Generated by org.testng.reporters.JUnitReportReporter -->
<testsuite hostname="LAPTOP-F0F7LJDR" failures="0" tests="1" name="testscript.ResetPageTest" time="22.663" errors="0" timestamp="2024-09-09T13:36:53 IST" skipped="0">
  <testcase classname="testscript.ResetPageTest" name="verify_paswrdReset_withValid_emailAddress" time="22.663"/>
  <system-out/>
</testsuite> <!-- testscript.ResetPageTest -->
