<?xml version="1.0" encoding="UTF-8"?>
<!-- Generated by org.testng.reporters.JUnitReportReporter -->
<testsuite hostname="LAPTOP-F0F7LJDR" failures="0" tests="1" name="testscript.HomePageTest" time="17.978" errors="0" timestamp="2024-09-01T15:38:22 IST" skipped="0">
  <testcase classname="testscript.HomePageTest" name="verify_userLogin_date" time="17.978"/>
  <system-out/>
</testsuite> <!-- testscript.HomePageTest -->
